<?xml version="1.0" encoding="UTF-8"?>
<urlset xmlns="http://www.sitemaps.org/schemas/sitemap/0.9">
  <url>
    <loc>https://book-reviews-git-main-webira-rem-srls-projects.vercel.app</loc>
    <lastmod>2025-06-02</lastmod>
    <changefreq>weekly</changefreq>
    <priority>1.0</priority>
  </url>
  <url>
    <loc>https://book-reviews-git-main-webira-rem-srls-projects.vercel.app/books/born-for-the-future</loc>
    <lastmod>2025-06-02</lastmod>
    <changefreq>monthly</changefreq>
    <priority>0.8</priority>
  </url>
</urlset> 